<?xml version="1.0" encoding="UTF-8"?>
<coverage generated="1768464401806" clover="3.2.0">
  <project timestamp="1768464401807" name="All files">
    <metrics statements="307" coveredstatements="211" conditionals="157" coveredconditionals="98" methods="37" coveredmethods="23" elements="501" coveredelements="332" complexity="0" loc="307" ncloc="307" packages="8" files="16" classes="16"/>
    <package name="src">
      <metrics statements="20" coveredstatements="20" conditionals="8" coveredconditionals="6" methods="4" coveredmethods="4"/>
      <file name="app.ts" path="/home/ezekiel/projects/TaxCalServer/src/app.ts">
        <metrics statements="20" coveredstatements="20" conditionals="8" coveredconditionals="6" methods="4" coveredmethods="4"/>
        <line num="13" count="3" type="stmt"/>
        <line num="14" count="3" type="stmt"/>
        <line num="28" count="3" type="cond" truecount="1" falsecount="1"/>
        <line num="29" count="3" type="stmt"/>
        <line num="32" count="3" type="stmt"/>
        <line num="35" count="61" type="cond" truecount="2" falsecount="0"/>
        <line num="37" count="4" type="cond" truecount="2" falsecount="0"/>
        <line num="38" count="3" type="stmt"/>
        <line num="40" count="1" type="stmt"/>
        <line num="50" count="3" type="stmt"/>
        <line num="51" count="3" type="stmt"/>
        <line num="54" count="3" type="stmt"/>
        <line num="57" count="3" type="stmt"/>
        <line num="60" count="3" type="stmt"/>
        <line num="61" count="1" type="stmt"/>
        <line num="64" count="3" type="stmt"/>
        <line num="66" count="3" type="stmt"/>
        <line num="68" count="3" type="stmt"/>
        <line num="69" count="15" type="stmt"/>
        <line num="85" count="3" type="stmt"/>
      </file>
    </package>
    <package name="src.__tests__.setup">
      <metrics statements="26" coveredstatements="25" conditionals="1" coveredconditionals="1" methods="5" coveredmethods="4"/>
      <file name="mocks.ts" path="/home/ezekiel/projects/TaxCalServer/src/__tests__/setup/mocks.ts">
        <metrics statements="16" coveredstatements="16" conditionals="0" coveredconditionals="0" methods="1" coveredmethods="1"/>
        <line num="3" count="6" type="stmt"/>
        <line num="15" count="6" type="stmt"/>
        <line num="21" count="6" type="stmt"/>
        <line num="28" count="6" type="stmt"/>
        <line num="36" count="6" type="stmt"/>
        <line num="48" count="6" type="stmt"/>
        <line num="49" count="101" type="stmt"/>
        <line num="50" count="101" type="stmt"/>
        <line num="51" count="101" type="stmt"/>
        <line num="52" count="101" type="stmt"/>
        <line num="53" count="101" type="stmt"/>
        <line num="54" count="101" type="stmt"/>
        <line num="55" count="101" type="stmt"/>
        <line num="56" count="101" type="stmt"/>
        <line num="57" count="101" type="stmt"/>
        <line num="58" count="101" type="stmt"/>
      </file>
      <file name="testHelpers.ts" path="/home/ezekiel/projects/TaxCalServer/src/__tests__/setup/testHelpers.ts">
        <metrics statements="10" coveredstatements="9" conditionals="1" coveredconditionals="1" methods="4" coveredmethods="3"/>
        <line num="7" count="5" type="stmt"/>
        <line num="8" count="68" type="stmt"/>
        <line num="14" count="68" type="stmt"/>
        <line num="20" count="5" type="cond" truecount="1" falsecount="0"/>
        <line num="21" count="57" type="stmt"/>
        <line num="33" count="68" type="stmt"/>
        <line num="38" count="5" type="stmt"/>
        <line num="50" count="5" type="stmt"/>
        <line num="62" count="5" type="stmt"/>
        <line num="63" count="0" type="stmt"/>
      </file>
    </package>
    <package name="src.config">
      <metrics statements="50" coveredstatements="19" conditionals="33" coveredconditionals="12" methods="9" coveredmethods="1"/>
      <file name="arcjet.config.ts" path="/home/ezekiel/projects/TaxCalServer/src/config/arcjet.config.ts">
        <metrics statements="3" coveredstatements="2" conditionals="2" coveredconditionals="1" methods="0" coveredmethods="0"/>
        <line num="4" count="3" type="cond" truecount="1" falsecount="1"/>
        <line num="5" count="0" type="stmt"/>
        <line num="8" count="3" type="stmt"/>
      </file>
      <file name="env.config.ts" path="/home/ezekiel/projects/TaxCalServer/src/config/env.config.ts">
        <metrics statements="14" coveredstatements="10" conditionals="23" coveredconditionals="10" methods="0" coveredmethods="0"/>
        <line num="6" count="6" type="cond" truecount="1" falsecount="1"/>
        <line num="11" count="6" type="stmt"/>
        <line num="14" count="6" type="cond" truecount="1" falsecount="1"/>
        <line num="16" count="6" type="stmt"/>
        <line num="20" count="6" type="stmt"/>
        <line num="25" count="6" type="cond" truecount="3" falsecount="1"/>
        <line num="26" count="0" type="stmt"/>
        <line num="27" count="0" type="stmt"/>
        <line num="31" count="6" type="cond" truecount="2" falsecount="4"/>
        <line num="32" count="0" type="cond" truecount="0" falsecount="2"/>
        <line num="36" count="6" type="cond" truecount="1" falsecount="1"/>
        <line num="41" count="0" type="stmt"/>
        <line num="48" count="6" type="cond" truecount="1" falsecount="1"/>
        <line num="50" count="6" type="stmt"/>
      </file>
      <file name="redis.config.ts" path="/home/ezekiel/projects/TaxCalServer/src/config/redis.config.ts">
        <metrics statements="33" coveredstatements="7" conditionals="8" coveredconditionals="1" methods="9" coveredmethods="1"/>
        <line num="11" count="5" type="stmt"/>
        <line num="12" count="0" type="stmt"/>
        <line num="17" count="0" type="cond" truecount="0" falsecount="2"/>
        <line num="18" count="0" type="stmt"/>
        <line num="19" count="0" type="stmt"/>
        <line num="22" count="0" type="stmt"/>
        <line num="23" count="0" type="stmt"/>
        <line num="24" count="0" type="stmt"/>
        <line num="30" count="0" type="stmt"/>
        <line num="31" count="0" type="stmt"/>
        <line num="34" count="0" type="stmt"/>
        <line num="35" count="0" type="stmt"/>
        <line num="38" count="0" type="stmt"/>
        <line num="39" count="0" type="stmt"/>
        <line num="42" count="0" type="stmt"/>
        <line num="43" count="0" type="stmt"/>
        <line num="46" count="0" type="stmt"/>
        <line num="50" count="5" type="stmt"/>
        <line num="51" count="0" type="stmt"/>
        <line num="52" count="0" type="stmt"/>
        <line num="53" count="0" type="stmt"/>
        <line num="54" count="0" type="stmt"/>
        <line num="56" count="0" type="stmt"/>
        <line num="57" count="0" type="stmt"/>
        <line num="62" count="5" type="stmt"/>
        <line num="63" count="50" type="cond" truecount="1" falsecount="1"/>
        <line num="64" count="50" type="stmt"/>
        <line num="66" count="0" type="stmt"/>
        <line num="70" count="5" type="stmt"/>
        <line num="71" count="0" type="cond" truecount="0" falsecount="2"/>
        <line num="72" count="0" type="stmt"/>
        <line num="73" count="0" type="stmt"/>
        <line num="77" count="5" type="stmt"/>
      </file>
    </package>
    <package name="src.config.schema">
      <metrics statements="1" coveredstatements="1" conditionals="0" coveredconditionals="0" methods="0" coveredmethods="0"/>
      <file name="env.schema.ts" path="/home/ezekiel/projects/TaxCalServer/src/config/schema/env.schema.ts">
        <metrics statements="1" coveredstatements="1" conditionals="0" coveredconditionals="0" methods="0" coveredmethods="0"/>
        <line num="3" count="6" type="stmt"/>
      </file>
    </package>
    <package name="src.controllers">
      <metrics statements="106" coveredstatements="78" conditionals="73" coveredconditionals="49" methods="6" coveredmethods="6"/>
      <file name="chat.controller.ts" path="/home/ezekiel/projects/TaxCalServer/src/controllers/chat.controller.ts">
        <metrics statements="30" coveredstatements="19" conditionals="27" coveredconditionals="10" methods="1" coveredmethods="1"/>
        <line num="8" count="4" type="stmt"/>
        <line num="53" count="30" type="stmt"/>
        <line num="54" count="30" type="stmt"/>
        <line num="56" count="30" type="cond" truecount="2" falsecount="0"/>
        <line num="57" count="4" type="stmt"/>
        <line num="58" count="4" type="stmt"/>
        <line num="61" count="26" type="cond" truecount="2" falsecount="0"/>
        <line num="62" count="2" type="stmt"/>
        <line num="63" count="2" type="stmt"/>
        <line num="66" count="24" type="cond" truecount="5" falsecount="0"/>
        <line num="67" count="6" type="stmt"/>
        <line num="68" count="6" type="stmt"/>
        <line num="71" count="18" type="cond" truecount="1" falsecount="1"/>
        <line num="72" count="0" type="stmt"/>
        <line num="75" count="18" type="stmt"/>
        <line num="77" count="18" type="stmt"/>
        <line num="78" count="18" type="stmt"/>
        <line num="79" count="0" type="stmt"/>
        <line num="80" count="0" type="cond" truecount="0" falsecount="2"/>
        <line num="81" count="0" type="stmt"/>
        <line num="84" count="18" type="stmt"/>
        <line num="87" count="0" type="stmt"/>
        <line num="101" count="0" type="cond" truecount="0" falsecount="2"/>
        <line num="113" count="0" type="stmt"/>
        <line num="129" count="0" type="stmt"/>
        <line num="144" count="0" type="stmt"/>
        <line num="145" count="0" type="stmt"/>
        <line num="146" count="0" type="stmt"/>
        <line num="148" count="18" type="stmt"/>
        <line num="149" count="18" type="stmt"/>
      </file>
      <file name="tax.controller.ts" path="/home/ezekiel/projects/TaxCalServer/src/controllers/tax.controller.ts">
        <metrics statements="76" coveredstatements="59" conditionals="46" coveredconditionals="39" methods="5" coveredmethods="5"/>
        <line num="32" count="160" type="cond" truecount="4" falsecount="0"/>
        <line num="41" count="24" type="stmt"/>
        <line num="50" count="24" type="stmt"/>
        <line num="51" count="24" type="stmt"/>
        <line num="53" count="24" type="stmt"/>
        <line num="54" count="96" type="cond" truecount="2" falsecount="0"/>
        <line num="55" count="73" type="stmt"/>
        <line num="56" count="73" type="stmt"/>
        <line num="57" count="73" type="stmt"/>
        <line num="60" count="24" type="stmt"/>
        <line num="67" count="24" type="stmt"/>
        <line num="68" count="24" type="stmt"/>
        <line num="69" count="24" type="stmt"/>
        <line num="72" count="4" type="stmt"/>
        <line num="73" count="34" type="stmt"/>
        <line num="81" count="34" type="stmt"/>
        <line num="84" count="34" type="cond" truecount="4" falsecount="0"/>
        <line num="85" count="5" type="stmt"/>
        <line num="86" count="5" type="stmt"/>
        <line num="93" count="29" type="cond" truecount="2" falsecount="0"/>
        <line num="94" count="2" type="stmt"/>
        <line num="95" count="2" type="stmt"/>
        <line num="101" count="27" type="cond" truecount="2" falsecount="0"/>
        <line num="102" count="1" type="stmt"/>
        <line num="103" count="1" type="stmt"/>
        <line num="109" count="26" type="cond" truecount="1" falsecount="1"/>
        <line num="110" count="0" type="stmt"/>
        <line num="111" count="0" type="stmt"/>
        <line num="117" count="26" type="cond" truecount="1" falsecount="1"/>
        <line num="118" count="0" type="stmt"/>
        <line num="119" count="0" type="stmt"/>
        <line num="125" count="26" type="cond" truecount="1" falsecount="1"/>
        <line num="126" count="0" type="stmt"/>
        <line num="127" count="0" type="stmt"/>
        <line num="133" count="26" type="cond" truecount="1" falsecount="1"/>
        <line num="134" count="0" type="stmt"/>
        <line num="135" count="0" type="stmt"/>
        <line num="142" count="26" type="stmt"/>
        <line num="143" count="26" type="cond" truecount="8" falsecount="0"/>
        <line num="149" count="2" type="stmt"/>
        <line num="156" count="24" type="stmt"/>
        <line num="159" count="24" type="stmt"/>
        <line num="160" count="24" type="stmt"/>
        <line num="161" count="24" type="stmt"/>
        <line num="163" count="24" type="stmt"/>
        <line num="164" count="24" type="cond" truecount="2" falsecount="0"/>
        <line num="165" count="10" type="stmt"/>
        <line num="167" count="14" type="stmt"/>
        <line num="170" count="24" type="stmt"/>
        <line num="173" count="24" type="stmt"/>
        <line num="176" count="24" type="stmt"/>
        <line num="179" count="24" type="cond" truecount="1" falsecount="1"/>
        <line num="182" count="24" type="stmt"/>
        <line num="184" count="24" type="stmt"/>
        <line num="194" count="24" type="stmt"/>
        <line num="196" count="24" type="stmt"/>
        <line num="197" count="24" type="stmt"/>
        <line num="198" count="0" type="stmt"/>
        <line num="200" count="24" type="stmt"/>
        <line num="202" count="24" type="stmt"/>
        <line num="210" count="0" type="stmt"/>
        <line num="212" count="0" type="stmt"/>
        <line num="216" count="4" type="stmt"/>
        <line num="217" count="10" type="stmt"/>
        <line num="218" count="10" type="stmt"/>
        <line num="220" count="10" type="cond" truecount="5" falsecount="0"/>
        <line num="221" count="2" type="stmt"/>
        <line num="222" count="2" type="stmt"/>
        <line num="225" count="8" type="stmt"/>
        <line num="226" count="0" type="stmt"/>
        <line num="228" count="0" type="cond" truecount="0" falsecount="2"/>
        <line num="229" count="0" type="stmt"/>
        <line num="230" count="0" type="stmt"/>
        <line num="233" count="0" type="stmt"/>
        <line num="234" count="0" type="stmt"/>
        <line num="236" count="8" type="stmt"/>
      </file>
    </package>
    <package name="src.middleware">
      <metrics statements="64" coveredstatements="39" conditionals="36" coveredconditionals="28" methods="4" coveredmethods="4"/>
      <file name="arcject.middleware.ts" path="/home/ezekiel/projects/TaxCalServer/src/middleware/arcject.middleware.ts">
        <metrics statements="28" coveredstatements="6" conditionals="10" coveredconditionals="3" methods="1" coveredmethods="1"/>
        <line num="12" count="3" type="stmt"/>
        <line num="13" count="52" type="stmt"/>
        <line num="15" count="52" type="cond" truecount="1" falsecount="1"/>
        <line num="16" count="0" type="cond" truecount="0" falsecount="2"/>
        <line num="17" count="0" type="stmt"/>
        <line num="18" count="0" type="stmt"/>
        <line num="19" count="0" type="stmt"/>
        <line num="20" count="0" type="stmt"/>
        <line num="21" count="0" type="cond" truecount="0" falsecount="2"/>
        <line num="22" count="0" type="stmt"/>
        <line num="23" count="0" type="stmt"/>
        <line num="24" count="0" type="stmt"/>
        <line num="25" count="0" type="stmt"/>
        <line num="27" count="0" type="stmt"/>
        <line num="28" count="0" type="stmt"/>
        <line num="29" count="0" type="stmt"/>
        <line num="30" count="0" type="stmt"/>
        <line num="32" count="52" type="cond" truecount="1" falsecount="1"/>
        <line num="37" count="0" type="stmt"/>
        <line num="38" count="0" type="stmt"/>
        <line num="39" count="0" type="stmt"/>
        <line num="40" count="0" type="stmt"/>
        <line num="41" count="52" type="cond" truecount="1" falsecount="1"/>
        <line num="46" count="0" type="stmt"/>
        <line num="47" count="0" type="stmt"/>
        <line num="48" count="0" type="stmt"/>
        <line num="49" count="0" type="stmt"/>
        <line num="50" count="52" type="stmt"/>
      </file>
      <file name="auth.middleware.ts" path="/home/ezekiel/projects/TaxCalServer/src/middleware/auth.middleware.ts">
        <metrics statements="14" coveredstatements="11" conditionals="8" coveredconditionals="7" methods="1" coveredmethods="1"/>
        <line num="18" count="1" type="stmt"/>
        <line num="23" count="11" type="stmt"/>
        <line num="24" count="11" type="stmt"/>
        <line num="26" count="11" type="cond" truecount="4" falsecount="0"/>
        <line num="27" count="3" type="stmt"/>
        <line num="30" count="8" type="stmt"/>
        <line num="32" count="8" type="cond" truecount="2" falsecount="0"/>
        <line num="33" count="2" type="stmt"/>
        <line num="36" count="6" type="cond" truecount="1" falsecount="1"/>
        <line num="37" count="0" type="stmt"/>
        <line num="41" count="6" type="stmt"/>
        <line num="42" count="0" type="stmt"/>
        <line num="43" count="0" type="stmt"/>
        <line num="46" count="6" type="stmt"/>
      </file>
      <file name="error.middleware.ts" path="/home/ezekiel/projects/TaxCalServer/src/middleware/error.middleware.ts">
        <metrics statements="22" coveredstatements="22" conditionals="18" coveredconditionals="18" methods="2" coveredmethods="2"/>
        <line num="11" count="4" type="stmt"/>
        <line num="18" count="33" type="stmt"/>
        <line num="20" count="33" type="cond" truecount="2" falsecount="0"/>
        <line num="21" count="33" type="cond" truecount="2" falsecount="0"/>
        <line num="24" count="33" type="cond" truecount="2" falsecount="0"/>
        <line num="25" count="2" type="stmt"/>
        <line num="26" count="2" type="stmt"/>
        <line num="29" count="33" type="cond" truecount="2" falsecount="0"/>
        <line num="30" count="2" type="stmt"/>
        <line num="31" count="2" type="stmt"/>
        <line num="34" count="33" type="cond" truecount="4" falsecount="0"/>
        <line num="35" count="1" type="stmt"/>
        <line num="36" count="1" type="stmt"/>
        <line num="37" count="2" type="stmt"/>
        <line num="42" count="33" type="cond" truecount="2" falsecount="0"/>
        <line num="43" count="1" type="stmt"/>
        <line num="44" count="1" type="stmt"/>
        <line num="47" count="33" type="cond" truecount="2" falsecount="0"/>
        <line num="48" count="1" type="stmt"/>
        <line num="49" count="1" type="stmt"/>
        <line num="53" count="33" type="stmt"/>
        <line num="55" count="33" type="stmt"/>
      </file>
    </package>
    <package name="src.routes">
      <metrics statements="5" coveredstatements="5" conditionals="0" coveredconditionals="0" methods="0" coveredmethods="0"/>
      <file name="calculate.route.ts" path="/home/ezekiel/projects/TaxCalServer/src/routes/calculate.route.ts">
        <metrics statements="3" coveredstatements="3" conditionals="0" coveredconditionals="0" methods="0" coveredmethods="0"/>
        <line num="4" count="3" type="stmt"/>
        <line num="6" count="3" type="stmt"/>
        <line num="7" count="3" type="stmt"/>
      </file>
      <file name="chat.route.ts" path="/home/ezekiel/projects/TaxCalServer/src/routes/chat.route.ts">
        <metrics statements="2" coveredstatements="2" conditionals="0" coveredconditionals="0" methods="0" coveredmethods="0"/>
        <line num="4" count="3" type="stmt"/>
        <line num="6" count="3" type="stmt"/>
      </file>
    </package>
    <package name="src.utils">
      <metrics statements="35" coveredstatements="24" conditionals="6" coveredconditionals="2" methods="9" coveredmethods="4"/>
      <file name="disconnectors.ts" path="/home/ezekiel/projects/TaxCalServer/src/utils/disconnectors.ts">
        <metrics statements="19" coveredstatements="8" conditionals="2" coveredconditionals="0" methods="6" coveredmethods="1"/>
        <line num="4" count="5" type="stmt"/>
        <line num="7" count="5" type="stmt"/>
        <line num="8" count="5" type="stmt"/>
        <line num="12" count="5" type="stmt"/>
        <line num="13" count="0" type="stmt"/>
        <line num="15" count="0" type="stmt"/>
        <line num="17" count="0" type="stmt"/>
        <line num="18" count="0" type="stmt"/>
        <line num="20" count="0" type="stmt"/>
        <line num="21" count="0" type="stmt"/>
        <line num="23" count="0" type="stmt"/>
        <line num="24" count="0" type="stmt"/>
        <line num="29" count="5" type="stmt"/>
        <line num="31" count="5" type="stmt"/>
        <line num="32" count="0" type="cond" truecount="0" falsecount="2"/>
        <line num="33" count="0" type="stmt"/>
        <line num="34" count="0" type="stmt"/>
        <line num="37" count="5" type="stmt"/>
        <line num="38" count="5" type="stmt"/>
      </file>
      <file name="logger.ts" path="/home/ezekiel/projects/TaxCalServer/src/utils/logger.ts">
        <metrics statements="16" coveredstatements="16" conditionals="4" coveredconditionals="2" methods="3" coveredmethods="3"/>
        <line num="6" count="6" type="stmt"/>
        <line num="7" count="6" type="stmt"/>
        <line num="10" count="6" type="stmt"/>
        <line num="19" count="6" type="stmt"/>
        <line num="20" count="6" type="cond" truecount="1" falsecount="1"/>
        <line num="21" count="6" type="cond" truecount="1" falsecount="1"/>
        <line num="25" count="6" type="stmt"/>
        <line num="33" count="6" type="stmt"/>
        <line num="36" count="6" type="stmt"/>
        <line num="40" count="55" type="stmt"/>
        <line num="45" count="6" type="stmt"/>
        <line num="52" count="6" type="stmt"/>
        <line num="55" count="6" type="stmt"/>
        <line num="80" count="6" type="stmt"/>
        <line num="89" count="6" type="stmt"/>
        <line num="91" count="52" type="stmt"/>
      </file>
    </package>
  </project>
</coverage>
