{"/home/ezekiel/projects/TaxCalServer/src/app.ts": {"path":"/home/ezekiel/projects/TaxCalServer/src/app.ts","statementMap":{"0":{"start":{"line":13,"column":12},"end":{"line":13,"column":21}},"1":{"start":{"line":14,"column":0},"end":{"line":25,"column":4}},"2":{"start":{"line":28,"column":23},"end":{"line":30,"column":54}},"3":{"start":{"line":29,"column":36},"end":{"line":29,"column":49}},"4":{"start":{"line":32,"column":0},"end":{"line":47,"column":4}},"5":{"start":{"line":35,"column":4},"end":{"line":35,"column":45}},"6":{"start":{"line":35,"column":17},"end":{"line":35,"column":45}},"7":{"start":{"line":37,"column":4},"end":{"line":41,"column":5}},"8":{"start":{"line":38,"column":6},"end":{"line":38,"column":27}},"9":{"start":{"line":40,"column":6},"end":{"line":40,"column":49}},"10":{"start":{"line":50,"column":0},"end":{"line":50,"column":41}},"11":{"start":{"line":51,"column":0},"end":{"line":51,"column":63}},"12":{"start":{"line":54,"column":0},"end":{"line":54,"column":49}},"13":{"start":{"line":57,"column":0},"end":{"line":57,"column":26}},"14":{"start":{"line":60,"column":0},"end":{"line":62,"column":3}},"15":{"start":{"line":61,"column":2},"end":{"line":61,"column":35}},"16":{"start":{"line":64,"column":0},"end":{"line":64,"column":35}},"17":{"start":{"line":66,"column":0},"end":{"line":66,"column":34}},"18":{"start":{"line":68,"column":0},"end":{"line":82,"column":3}},"19":{"start":{"line":69,"column":2},"end":{"line":81,"column":5}},"20":{"start":{"line":85,"column":0},"end":{"line":85,"column":25}}},"fnMap":{"0":{"name":"(anonymous_0)","decl":{"start":{"line":29,"column":26},"end":{"line":29,"column":32}},"loc":{"start":{"line":29,"column":36},"end":{"line":29,"column":49}}},"1":{"name":"(anonymous_1)","decl":{"start":{"line":33,"column":10},"end":{"line":33,"column":11}},"loc":{"start":{"line":33,"column":31},"end":{"line":42,"column":3}}},"2":{"name":"(anonymous_2)","decl":{"start":{"line":60,"column":20},"end":{"line":60,"column":21}},"loc":{"start":{"line":60,"column":53},"end":{"line":62,"column":1}}},"3":{"name":"(anonymous_3)","decl":{"start":{"line":68,"column":26},"end":{"line":68,"column":27}},"loc":{"start":{"line":68,"column":59},"end":{"line":82,"column":1}}}},"branchMap":{"0":{"loc":{"start":{"line":19,"column":8},"end":{"line":22,"column":11}},"type":"cond-expr","locations":[{"start":{"line":19,"column":36},"end":{"line":22,"column":4}},{"start":{"line":22,"column":6},"end":{"line":22,"column":11}}]},"1":{"loc":{"start":{"line":28,"column":23},"end":{"line":30,"column":54}},"type":"cond-expr","locations":[{"start":{"line":29,"column":4},"end":{"line":29,"column":50}},{"start":{"line":30,"column":4},"end":{"line":30,"column":54}}]},"2":{"loc":{"start":{"line":35,"column":4},"end":{"line":35,"column":45}},"type":"if","locations":[{"start":{"line":35,"column":4},"end":{"line":35,"column":45}},{"start":{},"end":{}}]},"3":{"loc":{"start":{"line":37,"column":4},"end":{"line":41,"column":5}},"type":"if","locations":[{"start":{"line":37,"column":4},"end":{"line":41,"column":5}},{"start":{"line":39,"column":11},"end":{"line":41,"column":5}}]}},"s":{"0":3,"1":3,"2":3,"3":3,"4":3,"5":61,"6":57,"7":4,"8":3,"9":1,"10":3,"11":3,"12":3,"13":3,"14":3,"15":1,"16":3,"17":3,"18":3,"19":15,"20":3},"f":{"0":3,"1":61,"2":1,"3":15},"b":{"0":[0,3],"1":[3,0],"2":[57,4],"3":[3,1]}}
,"/home/ezekiel/projects/TaxCalServer/src/__tests__/setup/mocks.ts": {"path":"/home/ezekiel/projects/TaxCalServer/src/__tests__/setup/mocks.ts","statementMap":{"0":{"start":{"line":3,"column":31},"end":{"line":12,"column":2}},"1":{"start":{"line":15,"column":24},"end":{"line":19,"column":2}},"2":{"start":{"line":21,"column":28},"end":{"line":25,"column":2}},"3":{"start":{"line":28,"column":26},"end":{"line":33,"column":2}},"4":{"start":{"line":36,"column":27},"end":{"line":45,"column":2}},"5":{"start":{"line":48,"column":29},"end":{"line":59,"column":1}},"6":{"start":{"line":49,"column":2},"end":{"line":49,"column":34}},"7":{"start":{"line":50,"column":2},"end":{"line":50,"column":36}},"8":{"start":{"line":51,"column":2},"end":{"line":51,"column":41}},"9":{"start":{"line":52,"column":2},"end":{"line":52,"column":35}},"10":{"start":{"line":53,"column":2},"end":{"line":53,"column":38}},"11":{"start":{"line":54,"column":2},"end":{"line":54,"column":35}},"12":{"start":{"line":55,"column":2},"end":{"line":55,"column":30}},"13":{"start":{"line":56,"column":2},"end":{"line":56,"column":31}},"14":{"start":{"line":57,"column":2},"end":{"line":57,"column":30}},"15":{"start":{"line":58,"column":2},"end":{"line":58,"column":31}}},"fnMap":{"0":{"name":"(anonymous_0)","decl":{"start":{"line":48,"column":29},"end":{"line":48,"column":32}},"loc":{"start":{"line":48,"column":34},"end":{"line":59,"column":1}}}},"branchMap":{},"s":{"0":6,"1":6,"2":6,"3":6,"4":6,"5":6,"6":101,"7":101,"8":101,"9":101,"10":101,"11":101,"12":101,"13":101,"14":101,"15":101},"f":{"0":101},"b":{}}
,"/home/ezekiel/projects/TaxCalServer/src/__tests__/setup/testHelpers.ts": {"path":"/home/ezekiel/projects/TaxCalServer/src/__tests__/setup/testHelpers.ts","statementMap":{"0":{"start":{"line":7,"column":34},"end":{"line":15,"column":1}},"1":{"start":{"line":8,"column":33},"end":{"line":13,"column":4}},"2":{"start":{"line":14,"column":2},"end":{"line":14,"column":13}},"3":{"start":{"line":20,"column":33},"end":{"line":28,"column":1}},"4":{"start":{"line":21,"column":2},"end":{"line":27,"column":4}},"5":{"start":{"line":33,"column":30},"end":{"line":33,"column":45}},"6":{"start":{"line":33,"column":36},"end":{"line":33,"column":45}},"7":{"start":{"line":38,"column":39},"end":{"line":45,"column":2}},"8":{"start":{"line":50,"column":31},"end":{"line":57,"column":2}},"9":{"start":{"line":62,"column":34},"end":{"line":64,"column":1}},"10":{"start":{"line":63,"column":2},"end":{"line":63,"column":73}}},"fnMap":{"0":{"name":"(anonymous_0)","decl":{"start":{"line":7,"column":34},"end":{"line":7,"column":56}},"loc":{"start":{"line":7,"column":58},"end":{"line":15,"column":1}}},"1":{"name":"(anonymous_1)","decl":{"start":{"line":20,"column":33},"end":{"line":20,"column":34}},"loc":{"start":{"line":20,"column":57},"end":{"line":28,"column":1}}},"2":{"name":"(anonymous_2)","decl":{"start":{"line":33,"column":30},"end":{"line":33,"column":33}},"loc":{"start":{"line":33,"column":36},"end":{"line":33,"column":45}}},"3":{"name":"(anonymous_3)","decl":{"start":{"line":62,"column":34},"end":{"line":62,"column":45}},"loc":{"start":{"line":62,"column":47},"end":{"line":64,"column":1}}}},"branchMap":{"0":{"loc":{"start":{"line":20,"column":34},"end":{"line":20,"column":53}},"type":"default-arg","locations":[{"start":{"line":20,"column":51},"end":{"line":20,"column":53}}]}},"s":{"0":5,"1":68,"2":68,"3":5,"4":57,"5":5,"6":68,"7":5,"8":5,"9":5,"10":0},"f":{"0":68,"1":57,"2":68,"3":0},"b":{"0":[57]}}
,"/home/ezekiel/projects/TaxCalServer/src/config/arcjet.config.ts": {"path":"/home/ezekiel/projects/TaxCalServer/src/config/arcjet.config.ts","statementMap":{"0":{"start":{"line":4,"column":0},"end":{"line":6,"column":1}},"1":{"start":{"line":5,"column":2},"end":{"line":5,"column":47}},"2":{"start":{"line":8,"column":11},"end":{"line":39,"column":2}}},"fnMap":{},"branchMap":{"0":{"loc":{"start":{"line":4,"column":0},"end":{"line":6,"column":1}},"type":"if","locations":[{"start":{"line":4,"column":0},"end":{"line":6,"column":1}},{"start":{},"end":{}}]}},"s":{"0":3,"1":0,"2":3},"f":{},"b":{"0":[0,3]}}
,"/home/ezekiel/projects/TaxCalServer/src/config/env.config.ts": {"path":"/home/ezekiel/projects/TaxCalServer/src/config/env.config.ts","statementMap":{"0":{"start":{"line":6,"column":0},"end":{"line":6,"column":null}},"1":{"start":{"line":11,"column":0},"end":{"line":11,"column":32}},"2":{"start":{"line":14,"column":12},"end":{"line":14,"column":49}},"3":{"start":{"line":16,"column":0},"end":{"line":18,"column":3}},"4":{"start":{"line":20,"column":15},"end":{"line":22,"column":2}},"5":{"start":{"line":25,"column":0},"end":{"line":28,"column":1}},"6":{"start":{"line":26,"column":2},"end":{"line":26,"column":74}},"7":{"start":{"line":27,"column":2},"end":{"line":27,"column":18}},"8":{"start":{"line":31,"column":0},"end":{"line":33,"column":1}},"9":{"start":{"line":32,"column":2},"end":{"line":32,"column":97}},"10":{"start":{"line":36,"column":0},"end":{"line":42,"column":1}},"11":{"start":{"line":41,"column":2},"end":{"line":41,"column":62}},"12":{"start":{"line":48,"column":16},"end":{"line":48,"column":67}},"13":{"start":{"line":50,"column":2},"end":{"line":50,"column":24}}},"fnMap":{},"branchMap":{"0":{"loc":{"start":{"line":6,"column":22},"end":{"line":6,"column":59}},"type":"binary-expr","locations":[{"start":{"line":6,"column":22},"end":{"line":6,"column":42}},{"start":{"line":6,"column":46},"end":{"line":6,"column":59}}]},"1":{"loc":{"start":{"line":14,"column":12},"end":{"line":14,"column":49}},"type":"binary-expr","locations":[{"start":{"line":14,"column":12},"end":{"line":14,"column":32}},{"start":{"line":14,"column":36},"end":{"line":14,"column":49}}]},"2":{"loc":{"start":{"line":25,"column":0},"end":{"line":28,"column":1}},"type":"if","locations":[{"start":{"line":25,"column":0},"end":{"line":28,"column":1}},{"start":{},"end":{}}]},"3":{"loc":{"start":{"line":25,"column":4},"end":{"line":25,"column":54}},"type":"binary-expr","locations":[{"start":{"line":25,"column":4},"end":{"line":25,"column":19}},{"start":{"line":25,"column":23},"end":{"line":25,"column":54}}]},"4":{"loc":{"start":{"line":31,"column":0},"end":{"line":33,"column":1}},"type":"if","locations":[{"start":{"line":31,"column":0},"end":{"line":33,"column":1}},{"start":{},"end":{}}]},"5":{"loc":{"start":{"line":31,"column":4},"end":{"line":31,"column":109}},"type":"binary-expr","locations":[{"start":{"line":31,"column":4},"end":{"line":31,"column":35}},{"start":{"line":31,"column":39},"end":{"line":31,"column":109}}]},"6":{"loc":{"start":{"line":31,"column":62},"end":{"line":31,"column":100}},"type":"binary-expr","locations":[{"start":{"line":31,"column":62},"end":{"line":31,"column":83}},{"start":{"line":31,"column":87},"end":{"line":31,"column":100}}]},"7":{"loc":{"start":{"line":32,"column":47},"end":{"line":32,"column":85}},"type":"binary-expr","locations":[{"start":{"line":32,"column":47},"end":{"line":32,"column":68}},{"start":{"line":32,"column":72},"end":{"line":32,"column":85}}]},"8":{"loc":{"start":{"line":36,"column":0},"end":{"line":42,"column":1}},"type":"if","locations":[{"start":{"line":36,"column":0},"end":{"line":42,"column":1}},{"start":{},"end":{}}]},"9":{"loc":{"start":{"line":37,"column":2},"end":{"line":39,"column":23}},"type":"binary-expr","locations":[{"start":{"line":37,"column":2},"end":{"line":37,"column":13}},{"start":{"line":38,"column":2},"end":{"line":38,"column":39}},{"start":{"line":39,"column":2},"end":{"line":39,"column":23}}]},"10":{"loc":{"start":{"line":48,"column":16},"end":{"line":48,"column":67}},"type":"cond-expr","locations":[{"start":{"line":48,"column":33},"end":{"line":48,"column":44}},{"start":{"line":48,"column":48},"end":{"line":48,"column":67}}]}},"s":{"0":6,"1":6,"2":6,"3":6,"4":6,"5":6,"6":0,"7":0,"8":6,"9":0,"10":6,"11":0,"12":6,"13":6},"f":{},"b":{"0":[6,0],"1":[6,0],"2":[0,6],"3":[6,6],"4":[0,6],"5":[6,0],"6":[0,0],"7":[0,0],"8":[0,6],"9":[6,0,0],"10":[0,6]}}
,"/home/ezekiel/projects/TaxCalServer/src/config/redis.config.ts": {"path":"/home/ezekiel/projects/TaxCalServer/src/config/redis.config.ts","statementMap":{"0":{"start":{"line":11,"column":26},"end":{"line":47,"column":1}},"1":{"start":{"line":12,"column":17},"end":{"line":27,"column":4}},"2":{"start":{"line":17,"column":8},"end":{"line":20,"column":9}},"3":{"start":{"line":18,"column":10},"end":{"line":18,"column":67}},"4":{"start":{"line":19,"column":10},"end":{"line":19,"column":64}},"5":{"start":{"line":22,"column":22},"end":{"line":22,"column":51}},"6":{"start":{"line":23,"column":8},"end":{"line":23,"column":78}},"7":{"start":{"line":24,"column":8},"end":{"line":24,"column":21}},"8":{"start":{"line":30,"column":2},"end":{"line":32,"column":5}},"9":{"start":{"line":31,"column":4},"end":{"line":31,"column":40}},"10":{"start":{"line":34,"column":2},"end":{"line":36,"column":5}},"11":{"start":{"line":35,"column":4},"end":{"line":35,"column":46}},"12":{"start":{"line":38,"column":2},"end":{"line":40,"column":5}},"13":{"start":{"line":39,"column":4},"end":{"line":39,"column":49}},"14":{"start":{"line":42,"column":2},"end":{"line":44,"column":5}},"15":{"start":{"line":43,"column":4},"end":{"line":43,"column":44}},"16":{"start":{"line":46,"column":2},"end":{"line":46,"column":35}},"17":{"start":{"line":50,"column":28},"end":{"line":59,"column":1}},"18":{"start":{"line":51,"column":2},"end":{"line":58,"column":3}},"19":{"start":{"line":52,"column":4},"end":{"line":52,"column":38}},"20":{"start":{"line":53,"column":4},"end":{"line":53,"column":32}},"21":{"start":{"line":54,"column":4},"end":{"line":54,"column":23}},"22":{"start":{"line":56,"column":4},"end":{"line":56,"column":52}},"23":{"start":{"line":57,"column":4},"end":{"line":57,"column":16}},"24":{"start":{"line":62,"column":30},"end":{"line":67,"column":1}},"25":{"start":{"line":63,"column":2},"end":{"line":65,"column":3}},"26":{"start":{"line":64,"column":4},"end":{"line":64,"column":80}},"27":{"start":{"line":66,"column":2},"end":{"line":66,"column":21}},"28":{"start":{"line":70,"column":24},"end":{"line":75,"column":1}},"29":{"start":{"line":71,"column":2},"end":{"line":74,"column":3}},"30":{"start":{"line":72,"column":4},"end":{"line":72,"column":29}},"31":{"start":{"line":73,"column":4},"end":{"line":73,"column":52}},"32":{"start":{"line":77,"column":0},"end":{"line":77,"column":33}}},"fnMap":{"0":{"name":"(anonymous_0)","decl":{"start":{"line":11,"column":26},"end":{"line":11,"column":46}},"loc":{"start":{"line":11,"column":48},"end":{"line":47,"column":1}}},"1":{"name":"(anonymous_1)","decl":{"start":{"line":16,"column":25},"end":{"line":16,"column":26}},"loc":{"start":{"line":16,"column":45},"end":{"line":25,"column":7}}},"2":{"name":"(anonymous_2)","decl":{"start":{"line":30,"column":23},"end":{"line":30,"column":26}},"loc":{"start":{"line":30,"column":28},"end":{"line":32,"column":3}}},"3":{"name":"(anonymous_3)","decl":{"start":{"line":34,"column":21},"end":{"line":34,"column":24}},"loc":{"start":{"line":34,"column":26},"end":{"line":36,"column":3}}},"4":{"name":"(anonymous_4)","decl":{"start":{"line":38,"column":21},"end":{"line":38,"column":22}},"loc":{"start":{"line":38,"column":29},"end":{"line":40,"column":3}}},"5":{"name":"(anonymous_5)","decl":{"start":{"line":42,"column":19},"end":{"line":42,"column":22}},"loc":{"start":{"line":42,"column":24},"end":{"line":44,"column":3}}},"6":{"name":"(anonymous_6)","decl":{"start":{"line":50,"column":28},"end":{"line":50,"column":33}},"loc":{"start":{"line":50,"column":65},"end":{"line":59,"column":1}}},"7":{"name":"(anonymous_7)","decl":{"start":{"line":62,"column":30},"end":{"line":62,"column":50}},"loc":{"start":{"line":62,"column":52},"end":{"line":67,"column":1}}},"8":{"name":"(anonymous_8)","decl":{"start":{"line":70,"column":24},"end":{"line":70,"column":29}},"loc":{"start":{"line":70,"column":50},"end":{"line":75,"column":1}}}},"branchMap":{"0":{"loc":{"start":{"line":13,"column":9},"end":{"line":13,"column":46}},"type":"binary-expr","locations":[{"start":{"line":13,"column":9},"end":{"line":13,"column":18}},{"start":{"line":13,"column":22},"end":{"line":13,"column":46}}]},"1":{"loc":{"start":{"line":17,"column":8},"end":{"line":20,"column":9}},"type":"if","locations":[{"start":{"line":17,"column":8},"end":{"line":20,"column":9}},{"start":{},"end":{}}]},"2":{"loc":{"start":{"line":63,"column":2},"end":{"line":65,"column":3}},"type":"if","locations":[{"start":{"line":63,"column":2},"end":{"line":65,"column":3}},{"start":{},"end":{}}]},"3":{"loc":{"start":{"line":71,"column":2},"end":{"line":74,"column":3}},"type":"if","locations":[{"start":{"line":71,"column":2},"end":{"line":74,"column":3}},{"start":{},"end":{}}]}},"s":{"0":5,"1":0,"2":0,"3":0,"4":0,"5":0,"6":0,"7":0,"8":0,"9":0,"10":0,"11":0,"12":0,"13":0,"14":0,"15":0,"16":0,"17":5,"18":0,"19":0,"20":0,"21":0,"22":0,"23":0,"24":5,"25":50,"26":50,"27":0,"28":5,"29":0,"30":0,"31":0,"32":5},"f":{"0":0,"1":0,"2":0,"3":0,"4":0,"5":0,"6":0,"7":50,"8":0},"b":{"0":[0,0],"1":[0,0],"2":[50,0],"3":[0,0]}}
,"/home/ezekiel/projects/TaxCalServer/src/config/schema/env.schema.ts": {"path":"/home/ezekiel/projects/TaxCalServer/src/config/schema/env.schema.ts","statementMap":{"0":{"start":{"line":3,"column":25},"end":{"line":23,"column":2}}},"fnMap":{},"branchMap":{},"s":{"0":6},"f":{},"b":{}}
,"/home/ezekiel/projects/TaxCalServer/src/controllers/chat.controller.ts": {"path":"/home/ezekiel/projects/TaxCalServer/src/controllers/chat.controller.ts","statementMap":{"0":{"start":{"line":8,"column":22},"end":{"line":32,"column":2}},"1":{"start":{"line":53,"column":2},"end":{"line":150,"column":3}},"2":{"start":{"line":54,"column":31},"end":{"line":54,"column":39}},"3":{"start":{"line":56,"column":4},"end":{"line":59,"column":5}},"4":{"start":{"line":57,"column":6},"end":{"line":57,"column":41}},"5":{"start":{"line":58,"column":6},"end":{"line":58,"column":67}},"6":{"start":{"line":61,"column":4},"end":{"line":64,"column":5}},"7":{"start":{"line":62,"column":6},"end":{"line":62,"column":46}},"8":{"start":{"line":63,"column":6},"end":{"line":63,"column":null}},"9":{"start":{"line":66,"column":4},"end":{"line":69,"column":3}},"10":{"start":{"line":67,"column":6},"end":{"line":67,"column":39}},"11":{"start":{"line":68,"column":6},"end":{"line":68,"column":93}},"12":{"start":{"line":71,"column":4},"end":{"line":73,"column":5}},"13":{"start":{"line":72,"column":6},"end":{"line":72,"column":52}},"14":{"start":{"line":75,"column":40},"end":{"line":75,"column":44}},"15":{"start":{"line":77,"column":4},"end":{"line":85,"column":5}},"16":{"start":{"line":78,"column":26},"end":{"line":78,"column":42}},"17":{"start":{"line":79,"column":19},"end":{"line":79,"column":48}},"18":{"start":{"line":80,"column":6},"end":{"line":82,"column":7}},"19":{"start":{"line":81,"column":8},"end":{"line":81,"column":44}},"20":{"start":{"line":84,"column":6},"end":{"line":84,"column":87}},"21":{"start":{"line":87,"column":15},"end":{"line":87,"column":34}},"22":{"start":{"line":101,"column":31},"end":{"line":111,"column":10}},"23":{"start":{"line":113,"column":35},"end":{"line":126,"column":6}},"24":{"start":{"line":129,"column":17},"end":{"line":142,"column":6}},"25":{"start":{"line":144,"column":19},"end":{"line":144,"column":61}},"26":{"start":{"line":145,"column":17},"end":{"line":145,"column":28}},"27":{"start":{"line":146,"column":4},"end":{"line":146,"column":35}},"28":{"start":{"line":148,"column":4},"end":{"line":148,"column":47}},"29":{"start":{"line":149,"column":4},"end":{"line":149,"column":16}}},"fnMap":{"0":{"name":"startChat","decl":{"start":{"line":48,"column":22},"end":{"line":48,"column":31}},"loc":{"start":{"line":51,"column":20},"end":{"line":151,"column":1}}}},"branchMap":{"0":{"loc":{"start":{"line":56,"column":4},"end":{"line":59,"column":5}},"type":"if","locations":[{"start":{"line":56,"column":4},"end":{"line":59,"column":5}},{"start":{},"end":{}}]},"1":{"loc":{"start":{"line":61,"column":4},"end":{"line":64,"column":5}},"type":"if","locations":[{"start":{"line":61,"column":4},"end":{"line":64,"column":5}},{"start":{},"end":{}}]},"2":{"loc":{"start":{"line":66,"column":4},"end":{"line":69,"column":3}},"type":"if","locations":[{"start":{"line":66,"column":4},"end":{"line":69,"column":3}},{"start":{},"end":{}}]},"3":{"loc":{"start":{"line":66,"column":8},"end":{"line":66,"column":69}},"type":"binary-expr","locations":[{"start":{"line":66,"column":8},"end":{"line":66,"column":15}},{"start":{"line":66,"column":19},"end":{"line":66,"column":45}},{"start":{"line":66,"column":49},"end":{"line":66,"column":69}}]},"4":{"loc":{"start":{"line":71,"column":4},"end":{"line":73,"column":5}},"type":"if","locations":[{"start":{"line":71,"column":4},"end":{"line":73,"column":5}},{"start":{},"end":{}}]},"5":{"loc":{"start":{"line":80,"column":6},"end":{"line":82,"column":7}},"type":"if","locations":[{"start":{"line":80,"column":6},"end":{"line":82,"column":7}},{"start":{},"end":{}}]},"6":{"loc":{"start":{"line":101,"column":31},"end":{"line":111,"column":10}},"type":"cond-expr","locations":[{"start":{"line":102,"column":8},"end":{"line":110,"column":null}},{"start":{"line":111,"column":8},"end":{"line":111,"column":10}}]},"7":{"loc":{"start":{"line":104,"column":36},"end":{"line":104,"column":85}},"type":"binary-expr","locations":[{"start":{"line":104,"column":36},"end":{"line":104,"column":76}},{"start":{"line":104,"column":80},"end":{"line":104,"column":85}}]},"8":{"loc":{"start":{"line":105,"column":33},"end":{"line":105,"column":86}},"type":"binary-expr","locations":[{"start":{"line":105,"column":33},"end":{"line":105,"column":77}},{"start":{"line":105,"column":81},"end":{"line":105,"column":86}}]},"9":{"loc":{"start":{"line":106,"column":31},"end":{"line":106,"column":82}},"type":"binary-expr","locations":[{"start":{"line":106,"column":31},"end":{"line":106,"column":73}},{"start":{"line":106,"column":77},"end":{"line":106,"column":82}}]},"10":{"loc":{"start":{"line":107,"column":25},"end":{"line":107,"column":70}},"type":"binary-expr","locations":[{"start":{"line":107,"column":25},"end":{"line":107,"column":61}},{"start":{"line":107,"column":65},"end":{"line":107,"column":70}}]},"11":{"loc":{"start":{"line":108,"column":34},"end":{"line":108,"column":70}},"type":"binary-expr","locations":[{"start":{"line":108,"column":34},"end":{"line":108,"column":61}},{"start":{"line":108,"column":65},"end":{"line":108,"column":70}}]},"12":{"loc":{"start":{"line":109,"column":33},"end":{"line":109,"column":85}},"type":"binary-expr","locations":[{"start":{"line":109,"column":33},"end":{"line":109,"column":76}},{"start":{"line":109,"column":80},"end":{"line":109,"column":85}}]}},"s":{"0":4,"1":30,"2":30,"3":30,"4":4,"5":4,"6":26,"7":2,"8":2,"9":24,"10":6,"11":6,"12":18,"13":0,"14":18,"15":18,"16":18,"17":0,"18":0,"19":0,"20":18,"21":0,"22":0,"23":0,"24":0,"25":0,"26":0,"27":0,"28":18,"29":18},"f":{"0":30},"b":{"0":[4,26],"1":[2,24],"2":[6,18],"3":[24,22,20],"4":[0,18],"5":[0,0],"6":[0,0],"7":[0,0],"8":[0,0],"9":[0,0],"10":[0,0],"11":[0,0],"12":[0,0]}}
,"/home/ezekiel/projects/TaxCalServer/src/controllers/tax.controller.ts": {"path":"/home/ezekiel/projects/TaxCalServer/src/controllers/tax.controller.ts","statementMap":{"0":{"start":{"line":32,"column":4},"end":{"line":32,"column":87}},"1":{"start":{"line":41,"column":21},"end":{"line":48,"column":6}},"2":{"start":{"line":50,"column":14},"end":{"line":50,"column":15}},"3":{"start":{"line":51,"column":20},"end":{"line":51,"column":33}},"4":{"start":{"line":53,"column":4},"end":{"line":58,"column":5}},"5":{"start":{"line":54,"column":8},"end":{"line":54,"column":34}},"6":{"start":{"line":54,"column":28},"end":{"line":54,"column":34}},"7":{"start":{"line":55,"column":24},"end":{"line":55,"column":58}},"8":{"start":{"line":56,"column":8},"end":{"line":56,"column":38}},"9":{"start":{"line":57,"column":8},"end":{"line":57,"column":29}},"10":{"start":{"line":60,"column":4},"end":{"line":60,"column":39}},"11":{"start":{"line":67,"column":22},"end":{"line":67,"column":45}},"12":{"start":{"line":68,"column":23},"end":{"line":68,"column":53}},"13":{"start":{"line":69,"column":4},"end":{"line":69,"column":40}},"14":{"start":{"line":72,"column":25},"end":{"line":214,"column":1}},"15":{"start":{"line":73,"column":4},"end":{"line":213,"column":5}},"16":{"start":{"line":81,"column":12},"end":{"line":81,"column":20}},"17":{"start":{"line":84,"column":8},"end":{"line":90,"column":9}},"18":{"start":{"line":85,"column":12},"end":{"line":85,"column":89}},"19":{"start":{"line":86,"column":12},"end":{"line":89,"column":15}},"20":{"start":{"line":93,"column":8},"end":{"line":99,"column":9}},"21":{"start":{"line":94,"column":12},"end":{"line":94,"column":76}},"22":{"start":{"line":95,"column":12},"end":{"line":98,"column":15}},"23":{"start":{"line":101,"column":8},"end":{"line":107,"column":9}},"24":{"start":{"line":102,"column":12},"end":{"line":102,"column":85}},"25":{"start":{"line":103,"column":12},"end":{"line":106,"column":15}},"26":{"start":{"line":109,"column":8},"end":{"line":115,"column":9}},"27":{"start":{"line":110,"column":12},"end":{"line":110,"column":88}},"28":{"start":{"line":111,"column":12},"end":{"line":114,"column":15}},"29":{"start":{"line":117,"column":8},"end":{"line":123,"column":9}},"30":{"start":{"line":118,"column":12},"end":{"line":118,"column":84}},"31":{"start":{"line":119,"column":12},"end":{"line":122,"column":15}},"32":{"start":{"line":125,"column":8},"end":{"line":131,"column":9}},"33":{"start":{"line":126,"column":12},"end":{"line":126,"column":76}},"34":{"start":{"line":127,"column":12},"end":{"line":130,"column":15}},"35":{"start":{"line":133,"column":8},"end":{"line":139,"column":9}},"36":{"start":{"line":134,"column":12},"end":{"line":134,"column":83}},"37":{"start":{"line":135,"column":12},"end":{"line":138,"column":15}},"38":{"start":{"line":142,"column":37},"end":{"line":142,"column":52}},"39":{"start":{"line":143,"column":8},"end":{"line":153,"column":9}},"40":{"start":{"line":149,"column":12},"end":{"line":152,"column":15}},"41":{"start":{"line":156,"column":28},"end":{"line":156,"column":79}},"42":{"start":{"line":159,"column":33},"end":{"line":159,"column":88}},"43":{"start":{"line":160,"column":29},"end":{"line":160,"column":67}},"44":{"start":{"line":161,"column":35},"end":{"line":161,"column":102}},"45":{"start":{"line":163,"column":28},"end":{"line":163,"column":29}},"46":{"start":{"line":164,"column":8},"end":{"line":168,"column":9}},"47":{"start":{"line":165,"column":12},"end":{"line":165,"column":null}},"48":{"start":{"line":167,"column":12},"end":{"line":167,"column":null}},"49":{"start":{"line":170,"column":32},"end":{"line":170,"column":100}},"50":{"start":{"line":173,"column":30},"end":{"line":173,"column":72}},"51":{"start":{"line":176,"column":24},"end":{"line":176,"column":62}},"52":{"start":{"line":179,"column":33},"end":{"line":179,"column":104}},"53":{"start":{"line":182,"column":31},"end":{"line":182,"column":52}},"54":{"start":{"line":184,"column":36},"end":{"line":191,"column":10}},"55":{"start":{"line":194,"column":23},"end":{"line":194,"column":41}},"56":{"start":{"line":196,"column":8},"end":{"line":208,"column":9}},"57":{"start":{"line":197,"column":32},"end":{"line":197,"column":48}},"58":{"start":{"line":198,"column":12},"end":{"line":198,"column":82}},"59":{"start":{"line":200,"column":12},"end":{"line":200,"column":62}},"60":{"start":{"line":202,"column":12},"end":{"line":207,"column":15}},"61":{"start":{"line":210,"column":8},"end":{"line":210,"column":108}},"62":{"start":{"line":212,"column":8},"end":{"line":212,"column":20}},"63":{"start":{"line":216,"column":30},"end":{"line":238,"column":1}},"64":{"start":{"line":217,"column":4},"end":{"line":237,"column":5}},"65":{"start":{"line":218,"column":27},"end":{"line":218,"column":37}},"66":{"start":{"line":220,"column":8},"end":{"line":223,"column":9}},"67":{"start":{"line":221,"column":12},"end":{"line":221,"column":45}},"68":{"start":{"line":222,"column":12},"end":{"line":222,"column":99}},"69":{"start":{"line":225,"column":28},"end":{"line":225,"column":44}},"70":{"start":{"line":226,"column":26},"end":{"line":226,"column":55}},"71":{"start":{"line":228,"column":8},"end":{"line":231,"column":9}},"72":{"start":{"line":229,"column":12},"end":{"line":229,"column":66}},"73":{"start":{"line":230,"column":12},"end":{"line":230,"column":110}},"74":{"start":{"line":233,"column":46},"end":{"line":233,"column":73}},"75":{"start":{"line":234,"column":8},"end":{"line":234,"column":130}},"76":{"start":{"line":236,"column":8},"end":{"line":236,"column":20}}},"fnMap":{"0":{"name":"isValidNonNegativeNumber","decl":{"start":{"line":31,"column":9},"end":{"line":31,"column":33}},"loc":{"start":{"line":31,"column":44},"end":{"line":33,"column":1}}},"1":{"name":"calculateNigeriaTax2026","decl":{"start":{"line":40,"column":9},"end":{"line":40,"column":32}},"loc":{"start":{"line":40,"column":54},"end":{"line":61,"column":1}}},"2":{"name":"generateUniqueID","decl":{"start":{"line":66,"column":9},"end":{"line":66,"column":25}},"loc":{"start":{"line":66,"column":25},"end":{"line":70,"column":1}}},"3":{"name":"(anonymous_3)","decl":{"start":{"line":72,"column":25},"end":{"line":72,"column":30}},"loc":{"start":{"line":72,"column":106},"end":{"line":214,"column":1}}},"4":{"name":"(anonymous_4)","decl":{"start":{"line":216,"column":30},"end":{"line":216,"column":35}},"loc":{"start":{"line":216,"column":114},"end":{"line":238,"column":1}}}},"branchMap":{"0":{"loc":{"start":{"line":32,"column":11},"end":{"line":32,"column":86}},"type":"binary-expr","locations":[{"start":{"line":32,"column":11},"end":{"line":32,"column":36}},{"start":{"line":32,"column":40},"end":{"line":32,"column":53}},{"start":{"line":32,"column":57},"end":{"line":32,"column":67}},{"start":{"line":32,"column":71},"end":{"line":32,"column":86}}]},"1":{"loc":{"start":{"line":54,"column":8},"end":{"line":54,"column":34}},"type":"if","locations":[{"start":{"line":54,"column":8},"end":{"line":54,"column":34}},{"start":{},"end":{}}]},"2":{"loc":{"start":{"line":76,"column":12},"end":{"line":76,"column":39}},"type":"default-arg","locations":[{"start":{"line":76,"column":38},"end":{"line":76,"column":39}}]},"3":{"loc":{"start":{"line":77,"column":12},"end":{"line":77,"column":42}},"type":"default-arg","locations":[{"start":{"line":77,"column":41},"end":{"line":77,"column":42}}]},"4":{"loc":{"start":{"line":78,"column":12},"end":{"line":78,"column":38}},"type":"default-arg","locations":[{"start":{"line":78,"column":37},"end":{"line":78,"column":38}}]},"5":{"loc":{"start":{"line":79,"column":12},"end":{"line":79,"column":30}},"type":"default-arg","locations":[{"start":{"line":79,"column":29},"end":{"line":79,"column":30}}]},"6":{"loc":{"start":{"line":80,"column":12},"end":{"line":80,"column":37}},"type":"default-arg","locations":[{"start":{"line":80,"column":36},"end":{"line":80,"column":37}}]},"7":{"loc":{"start":{"line":84,"column":8},"end":{"line":90,"column":9}},"type":"if","locations":[{"start":{"line":84,"column":8},"end":{"line":90,"column":9}},{"start":{},"end":{}}]},"8":{"loc":{"start":{"line":84,"column":12},"end":{"line":84,"column":73}},"type":"binary-expr","locations":[{"start":{"line":84,"column":12},"end":{"line":84,"column":31}},{"start":{"line":84,"column":35},"end":{"line":84,"column":73}}]},"9":{"loc":{"start":{"line":93,"column":8},"end":{"line":99,"column":9}},"type":"if","locations":[{"start":{"line":93,"column":8},"end":{"line":99,"column":9}},{"start":{},"end":{}}]},"10":{"loc":{"start":{"line":101,"column":8},"end":{"line":107,"column":9}},"type":"if","locations":[{"start":{"line":101,"column":8},"end":{"line":107,"column":9}},{"start":{},"end":{}}]},"11":{"loc":{"start":{"line":109,"column":8},"end":{"line":115,"column":9}},"type":"if","locations":[{"start":{"line":109,"column":8},"end":{"line":115,"column":9}},{"start":{},"end":{}}]},"12":{"loc":{"start":{"line":117,"column":8},"end":{"line":123,"column":9}},"type":"if","locations":[{"start":{"line":117,"column":8},"end":{"line":123,"column":9}},{"start":{},"end":{}}]},"13":{"loc":{"start":{"line":125,"column":8},"end":{"line":131,"column":9}},"type":"if","locations":[{"start":{"line":125,"column":8},"end":{"line":131,"column":9}},{"start":{},"end":{}}]},"14":{"loc":{"start":{"line":133,"column":8},"end":{"line":139,"column":9}},"type":"if","locations":[{"start":{"line":133,"column":8},"end":{"line":139,"column":9}},{"start":{},"end":{}}]},"15":{"loc":{"start":{"line":143,"column":8},"end":{"line":153,"column":9}},"type":"if","locations":[{"start":{"line":143,"column":8},"end":{"line":153,"column":9}},{"start":{},"end":{}}]},"16":{"loc":{"start":{"line":143,"column":12},"end":{"line":148,"column":56}},"type":"binary-expr","locations":[{"start":{"line":143,"column":12},"end":{"line":143,"column":53}},{"start":{"line":144,"column":12},"end":{"line":144,"column":58}},{"start":{"line":145,"column":12},"end":{"line":145,"column":61}},{"start":{"line":146,"column":12},"end":{"line":146,"column":57}},{"start":{"line":147,"column":12},"end":{"line":147,"column":49}},{"start":{"line":148,"column":12},"end":{"line":148,"column":56}}]},"17":{"loc":{"start":{"line":164,"column":8},"end":{"line":168,"column":9}},"type":"if","locations":[{"start":{"line":164,"column":8},"end":{"line":168,"column":9}},{"start":{"line":166,"column":14},"end":{"line":168,"column":9}}]},"18":{"loc":{"start":{"line":179,"column":33},"end":{"line":179,"column":104}},"type":"cond-expr","locations":[{"start":{"line":179,"column":51},"end":{"line":179,"column":100}},{"start":{"line":179,"column":103},"end":{"line":179,"column":104}}]},"19":{"loc":{"start":{"line":220,"column":8},"end":{"line":223,"column":9}},"type":"if","locations":[{"start":{"line":220,"column":8},"end":{"line":223,"column":9}},{"start":{},"end":{}}]},"20":{"loc":{"start":{"line":220,"column":12},"end":{"line":220,"column":73}},"type":"binary-expr","locations":[{"start":{"line":220,"column":12},"end":{"line":220,"column":19}},{"start":{"line":220,"column":23},"end":{"line":220,"column":49}},{"start":{"line":220,"column":53},"end":{"line":220,"column":73}}]},"21":{"loc":{"start":{"line":228,"column":8},"end":{"line":231,"column":9}},"type":"if","locations":[{"start":{"line":228,"column":8},"end":{"line":231,"column":9}},{"start":{},"end":{}}]}},"s":{"0":160,"1":24,"2":24,"3":24,"4":24,"5":96,"6":23,"7":73,"8":73,"9":73,"10":24,"11":24,"12":24,"13":24,"14":4,"15":34,"16":34,"17":34,"18":5,"19":5,"20":29,"21":2,"22":2,"23":27,"24":1,"25":1,"26":26,"27":0,"28":0,"29":26,"30":0,"31":0,"32":26,"33":0,"34":0,"35":26,"36":0,"37":0,"38":26,"39":26,"40":2,"41":24,"42":24,"43":24,"44":24,"45":24,"46":24,"47":10,"48":14,"49":24,"50":24,"51":24,"52":24,"53":24,"54":24,"55":24,"56":24,"57":24,"58":0,"59":24,"60":24,"61":0,"62":0,"63":4,"64":10,"65":10,"66":10,"67":2,"68":2,"69":8,"70":0,"71":0,"72":0,"73":0,"74":0,"75":0,"76":8},"f":{"0":160,"1":24,"2":24,"3":34,"4":10},"b":{"0":[160,160,160,157],"1":[23,73],"2":[24],"3":[24],"4":[24],"5":[23],"6":[25],"7":[5,29],"8":[34,31],"9":[2,27],"10":[1,26],"11":[0,26],"12":[0,26],"13":[0,26],"14":[0,26],"15":[2,24],"16":[26,24,24,24,24,24],"17":[10,14],"18":[24,0],"19":[2,8],"20":[10,9,9],"21":[0,0]}}
,"/home/ezekiel/projects/TaxCalServer/src/middleware/arcject.middleware.ts": {"path":"/home/ezekiel/projects/TaxCalServer/src/middleware/arcject.middleware.ts","statementMap":{"0":{"start":{"line":12,"column":32},"end":{"line":51,"column":1}},"1":{"start":{"line":13,"column":19},"end":{"line":13,"column":79}},"2":{"start":{"line":15,"column":2},"end":{"line":50,"column":16}},"3":{"start":{"line":16,"column":4},"end":{"line":31,"column":5}},"4":{"start":{"line":17,"column":6},"end":{"line":17,"column":65}},"5":{"start":{"line":18,"column":6},"end":{"line":18,"column":62}},"6":{"start":{"line":19,"column":18},"end":{"line":19,"column":48}},"7":{"start":{"line":20,"column":6},"end":{"line":20,"column":null}},"8":{"start":{"line":21,"column":11},"end":{"line":31,"column":5}},"9":{"start":{"line":22,"column":6},"end":{"line":22,"column":65}},"10":{"start":{"line":23,"column":6},"end":{"line":23,"column":60}},"11":{"start":{"line":24,"column":18},"end":{"line":24,"column":46}},"12":{"start":{"line":25,"column":8},"end":{"line":25,"column":null}},"13":{"start":{"line":27,"column":6},"end":{"line":27,"column":65}},"14":{"start":{"line":28,"column":6},"end":{"line":28,"column":54}},"15":{"start":{"line":29,"column":18},"end":{"line":29,"column":40}},"16":{"start":{"line":30,"column":8},"end":{"line":30,"column":null}},"17":{"start":{"line":32,"column":9},"end":{"line":50,"column":16}},"18":{"start":{"line":37,"column":4},"end":{"line":37,"column":63}},"19":{"start":{"line":38,"column":4},"end":{"line":38,"column":52}},"20":{"start":{"line":39,"column":16},"end":{"line":39,"column":38}},"21":{"start":{"line":40,"column":4},"end":{"line":40,"column":null}},"22":{"start":{"line":41,"column":9},"end":{"line":50,"column":16}},"23":{"start":{"line":46,"column":4},"end":{"line":46,"column":63}},"24":{"start":{"line":47,"column":4},"end":{"line":47,"column":52}},"25":{"start":{"line":48,"column":16},"end":{"line":48,"column":38}},"26":{"start":{"line":49,"column":4},"end":{"line":49,"column":null}},"27":{"start":{"line":50,"column":9},"end":{"line":50,"column":16}}},"fnMap":{"0":{"name":"(anonymous_0)","decl":{"start":{"line":12,"column":32},"end":{"line":12,"column":37}},"loc":{"start":{"line":12,"column":90},"end":{"line":51,"column":1}}}},"branchMap":{"0":{"loc":{"start":{"line":15,"column":2},"end":{"line":50,"column":16}},"type":"if","locations":[{"start":{"line":15,"column":2},"end":{"line":50,"column":16}},{"start":{"line":32,"column":9},"end":{"line":50,"column":16}}]},"1":{"loc":{"start":{"line":16,"column":4},"end":{"line":31,"column":5}},"type":"if","locations":[{"start":{"line":16,"column":4},"end":{"line":31,"column":5}},{"start":{"line":21,"column":11},"end":{"line":31,"column":5}}]},"2":{"loc":{"start":{"line":21,"column":11},"end":{"line":31,"column":5}},"type":"if","locations":[{"start":{"line":21,"column":11},"end":{"line":31,"column":5}},{"start":{"line":26,"column":11},"end":{"line":31,"column":5}}]},"3":{"loc":{"start":{"line":32,"column":9},"end":{"line":50,"column":16}},"type":"if","locations":[{"start":{"line":32,"column":9},"end":{"line":50,"column":16}},{"start":{"line":41,"column":9},"end":{"line":50,"column":16}}]},"4":{"loc":{"start":{"line":41,"column":9},"end":{"line":50,"column":16}},"type":"if","locations":[{"start":{"line":41,"column":9},"end":{"line":50,"column":16}},{"start":{"line":50,"column":9},"end":{"line":50,"column":16}}]}},"s":{"0":3,"1":52,"2":52,"3":0,"4":0,"5":0,"6":0,"7":0,"8":0,"9":0,"10":0,"11":0,"12":0,"13":0,"14":0,"15":0,"16":0,"17":52,"18":0,"19":0,"20":0,"21":0,"22":52,"23":0,"24":0,"25":0,"26":0,"27":52},"f":{"0":52},"b":{"0":[0,52],"1":[0,0],"2":[0,0],"3":[0,52],"4":[0,52]}}
,"/home/ezekiel/projects/TaxCalServer/src/middleware/auth.middleware.ts": {"path":"/home/ezekiel/projects/TaxCalServer/src/middleware/auth.middleware.ts","statementMap":{"0":{"start":{"line":18,"column":30},"end":{"line":48,"column":1}},"1":{"start":{"line":23,"column":2},"end":{"line":47,"column":3}},"2":{"start":{"line":24,"column":23},"end":{"line":24,"column":48}},"3":{"start":{"line":26,"column":4},"end":{"line":28,"column":5}},"4":{"start":{"line":27,"column":6},"end":{"line":27,"column":68}},"5":{"start":{"line":30,"column":18},"end":{"line":30,"column":42}},"6":{"start":{"line":32,"column":4},"end":{"line":34,"column":5}},"7":{"start":{"line":33,"column":6},"end":{"line":33,"column":66}},"8":{"start":{"line":36,"column":4},"end":{"line":38,"column":5}},"9":{"start":{"line":37,"column":6},"end":{"line":37,"column":51}},"10":{"start":{"line":41,"column":20},"end":{"line":41,"column":65}},"11":{"start":{"line":42,"column":4},"end":{"line":42,"column":23}},"12":{"start":{"line":43,"column":4},"end":{"line":43,"column":11}},"13":{"start":{"line":46,"column":4},"end":{"line":46,"column":16}}},"fnMap":{"0":{"name":"(anonymous_0)","decl":{"start":{"line":18,"column":30},"end":{"line":18,"column":null}},"loc":{"start":{"line":22,"column":4},"end":{"line":48,"column":1}}}},"branchMap":{"0":{"loc":{"start":{"line":26,"column":4},"end":{"line":28,"column":5}},"type":"if","locations":[{"start":{"line":26,"column":4},"end":{"line":28,"column":5}},{"start":{},"end":{}}]},"1":{"loc":{"start":{"line":26,"column":8},"end":{"line":26,"column":56}},"type":"binary-expr","locations":[{"start":{"line":26,"column":8},"end":{"line":26,"column":19}},{"start":{"line":26,"column":23},"end":{"line":26,"column":56}}]},"2":{"loc":{"start":{"line":32,"column":4},"end":{"line":34,"column":5}},"type":"if","locations":[{"start":{"line":32,"column":4},"end":{"line":34,"column":5}},{"start":{},"end":{}}]},"3":{"loc":{"start":{"line":36,"column":4},"end":{"line":38,"column":5}},"type":"if","locations":[{"start":{"line":36,"column":4},"end":{"line":38,"column":5}},{"start":{},"end":{}}]}},"s":{"0":1,"1":11,"2":11,"3":11,"4":3,"5":8,"6":8,"7":2,"8":6,"9":0,"10":6,"11":0,"12":0,"13":6},"f":{"0":11},"b":{"0":[3,8],"1":[11,10],"2":[2,6],"3":[0,6]}}
,"/home/ezekiel/projects/TaxCalServer/src/middleware/error.middleware.ts": {"path":"/home/ezekiel/projects/TaxCalServer/src/middleware/error.middleware.ts","statementMap":{"0":{"start":{"line":11,"column":24},"end":{"line":60,"column":1}},"1":{"start":{"line":18,"column":2},"end":{"line":18,"column":66}},"2":{"start":{"line":20,"column":19},"end":{"line":20,"column":40}},"3":{"start":{"line":21,"column":16},"end":{"line":21,"column":54}},"4":{"start":{"line":24,"column":2},"end":{"line":27,"column":3}},"5":{"start":{"line":25,"column":4},"end":{"line":25,"column":21}},"6":{"start":{"line":26,"column":4},"end":{"line":26,"column":35}},"7":{"start":{"line":29,"column":2},"end":{"line":32,"column":3}},"8":{"start":{"line":30,"column":4},"end":{"line":30,"column":21}},"9":{"start":{"line":31,"column":4},"end":{"line":31,"column":46}},"10":{"start":{"line":34,"column":2},"end":{"line":39,"column":3}},"11":{"start":{"line":35,"column":4},"end":{"line":35,"column":21}},"12":{"start":{"line":36,"column":4},"end":{"line":38,"column":18}},"13":{"start":{"line":37,"column":20},"end":{"line":37,"column":31}},"14":{"start":{"line":42,"column":2},"end":{"line":45,"column":3}},"15":{"start":{"line":43,"column":4},"end":{"line":43,"column":21}},"16":{"start":{"line":44,"column":4},"end":{"line":44,"column":30}},"17":{"start":{"line":47,"column":2},"end":{"line":50,"column":3}},"18":{"start":{"line":48,"column":4},"end":{"line":48,"column":21}},"19":{"start":{"line":49,"column":4},"end":{"line":49,"column":30}},"20":{"start":{"line":53,"column":16},"end":{"line":53,"column":54}},"21":{"start":{"line":55,"column":2},"end":{"line":59,"column":5}}},"fnMap":{"0":{"name":"(anonymous_0)","decl":{"start":{"line":11,"column":24},"end":{"line":11,"column":null}},"loc":{"start":{"line":16,"column":4},"end":{"line":60,"column":1}}},"1":{"name":"(anonymous_1)","decl":{"start":{"line":37,"column":11},"end":{"line":37,"column":12}},"loc":{"start":{"line":37,"column":20},"end":{"line":37,"column":31}}}},"branchMap":{"0":{"loc":{"start":{"line":20,"column":19},"end":{"line":20,"column":40}},"type":"binary-expr","locations":[{"start":{"line":20,"column":19},"end":{"line":20,"column":33}},{"start":{"line":20,"column":37},"end":{"line":20,"column":40}}]},"1":{"loc":{"start":{"line":21,"column":16},"end":{"line":21,"column":54}},"type":"binary-expr","locations":[{"start":{"line":21,"column":16},"end":{"line":21,"column":27}},{"start":{"line":21,"column":31},"end":{"line":21,"column":54}}]},"2":{"loc":{"start":{"line":24,"column":2},"end":{"line":27,"column":3}},"type":"if","locations":[{"start":{"line":24,"column":2},"end":{"line":27,"column":3}},{"start":{},"end":{}}]},"3":{"loc":{"start":{"line":29,"column":2},"end":{"line":32,"column":3}},"type":"if","locations":[{"start":{"line":29,"column":2},"end":{"line":32,"column":3}},{"start":{},"end":{}}]},"4":{"loc":{"start":{"line":34,"column":2},"end":{"line":39,"column":3}},"type":"if","locations":[{"start":{"line":34,"column":2},"end":{"line":39,"column":3}},{"start":{},"end":{}}]},"5":{"loc":{"start":{"line":34,"column":6},"end":{"line":34,"column":50}},"type":"binary-expr","locations":[{"start":{"line":34,"column":6},"end":{"line":34,"column":36}},{"start":{"line":34,"column":40},"end":{"line":34,"column":50}}]},"6":{"loc":{"start":{"line":42,"column":2},"end":{"line":45,"column":3}},"type":"if","locations":[{"start":{"line":42,"column":2},"end":{"line":45,"column":3}},{"start":{},"end":{}}]},"7":{"loc":{"start":{"line":47,"column":2},"end":{"line":50,"column":3}},"type":"if","locations":[{"start":{"line":47,"column":2},"end":{"line":50,"column":3}},{"start":{},"end":{}}]},"8":{"loc":{"start":{"line":58,"column":8},"end":{"line":58,"column":37}},"type":"binary-expr","locations":[{"start":{"line":58,"column":8},"end":{"line":58,"column":13}},{"start":{"line":58,"column":17},"end":{"line":58,"column":37}}]}},"s":{"0":4,"1":33,"2":33,"3":33,"4":33,"5":2,"6":2,"7":33,"8":2,"9":2,"10":33,"11":1,"12":1,"13":2,"14":33,"15":1,"16":1,"17":33,"18":1,"19":1,"20":33,"21":33},"f":{"0":33,"1":2},"b":{"0":[33,24],"1":[33,1],"2":[2,31],"3":[2,31],"4":[1,32],"5":[33,1],"6":[1,32],"7":[1,32],"8":[33,1]}}
,"/home/ezekiel/projects/TaxCalServer/src/routes/calculate.route.ts": {"path":"/home/ezekiel/projects/TaxCalServer/src/routes/calculate.route.ts","statementMap":{"0":{"start":{"line":4,"column":25},"end":{"line":4,"column":33}},"1":{"start":{"line":6,"column":0},"end":{"line":6,"column":null}},"2":{"start":{"line":7,"column":0},"end":{"line":7,"column":null}}},"fnMap":{},"branchMap":{},"s":{"0":3,"1":3,"2":3},"f":{},"b":{}}
,"/home/ezekiel/projects/TaxCalServer/src/routes/chat.route.ts": {"path":"/home/ezekiel/projects/TaxCalServer/src/routes/chat.route.ts","statementMap":{"0":{"start":{"line":4,"column":19},"end":{"line":4,"column":27}},"1":{"start":{"line":6,"column":0},"end":{"line":6,"column":31}}},"fnMap":{},"branchMap":{},"s":{"0":3,"1":3},"f":{},"b":{}}
,"/home/ezekiel/projects/TaxCalServer/src/utils/disconnectors.ts": {"path":"/home/ezekiel/projects/TaxCalServer/src/utils/disconnectors.ts","statementMap":{"0":{"start":{"line":4,"column":52},"end":{"line":4,"column":54}},"1":{"start":{"line":7,"column":31},"end":{"line":9,"column":1}},"2":{"start":{"line":8,"column":2},"end":{"line":8,"column":32}},"3":{"start":{"line":12,"column":17},"end":{"line":26,"column":1}},"4":{"start":{"line":13,"column":2},"end":{"line":13,"column":67}},"5":{"start":{"line":15,"column":2},"end":{"line":25,"column":3}},"6":{"start":{"line":17,"column":4},"end":{"line":19,"column":6}},"7":{"start":{"line":18,"column":39},"end":{"line":18,"column":48}},"8":{"start":{"line":20,"column":4},"end":{"line":20,"column":38}},"9":{"start":{"line":21,"column":4},"end":{"line":21,"column":20}},"10":{"start":{"line":23,"column":4},"end":{"line":23,"column":50}},"11":{"start":{"line":24,"column":4},"end":{"line":24,"column":20}},"12":{"start":{"line":29,"column":21},"end":{"line":29,"column":26}},"13":{"start":{"line":31,"column":21},"end":{"line":35,"column":1}},"14":{"start":{"line":32,"column":2},"end":{"line":32,"column":29}},"15":{"start":{"line":32,"column":22},"end":{"line":32,"column":29}},"16":{"start":{"line":33,"column":2},"end":{"line":33,"column":24}},"17":{"start":{"line":34,"column":2},"end":{"line":34,"column":19}},"18":{"start":{"line":37,"column":0},"end":{"line":37,"column":51}},"19":{"start":{"line":37,"column":27},"end":{"line":37,"column":49}},"20":{"start":{"line":38,"column":0},"end":{"line":38,"column":53}},"21":{"start":{"line":38,"column":28},"end":{"line":38,"column":51}}},"fnMap":{"0":{"name":"(anonymous_0)","decl":{"start":{"line":7,"column":31},"end":{"line":7,"column":32}},"loc":{"start":{"line":7,"column":70},"end":{"line":9,"column":1}}},"1":{"name":"(anonymous_1)","decl":{"start":{"line":12,"column":17},"end":{"line":12,"column":22}},"loc":{"start":{"line":12,"column":57},"end":{"line":26,"column":1}}},"2":{"name":"(anonymous_2)","decl":{"start":{"line":18,"column":26},"end":{"line":18,"column":27}},"loc":{"start":{"line":18,"column":39},"end":{"line":18,"column":48}}},"3":{"name":"(anonymous_3)","decl":{"start":{"line":31,"column":21},"end":{"line":31,"column":22}},"loc":{"start":{"line":31,"column":40},"end":{"line":35,"column":1}}},"4":{"name":"(anonymous_4)","decl":{"start":{"line":37,"column":21},"end":{"line":37,"column":24}},"loc":{"start":{"line":37,"column":27},"end":{"line":37,"column":49}}},"5":{"name":"(anonymous_5)","decl":{"start":{"line":38,"column":22},"end":{"line":38,"column":25}},"loc":{"start":{"line":38,"column":28},"end":{"line":38,"column":51}}}},"branchMap":{"0":{"loc":{"start":{"line":32,"column":2},"end":{"line":32,"column":29}},"type":"if","locations":[{"start":{"line":32,"column":2},"end":{"line":32,"column":29}},{"start":{},"end":{}}]}},"s":{"0":5,"1":5,"2":5,"3":5,"4":0,"5":0,"6":0,"7":0,"8":0,"9":0,"10":0,"11":0,"12":5,"13":5,"14":0,"15":0,"16":0,"17":0,"18":5,"19":0,"20":5,"21":0},"f":{"0":5,"1":0,"2":0,"3":0,"4":0,"5":0},"b":{"0":[0,0]}}
,"/home/ezekiel/projects/TaxCalServer/src/utils/logger.ts": {"path":"/home/ezekiel/projects/TaxCalServer/src/utils/logger.ts","statementMap":{"0":{"start":{"line":6,"column":19},"end":{"line":6,"column":49}},"1":{"start":{"line":7,"column":18},"end":{"line":7,"column":42}},"2":{"start":{"line":10,"column":15},"end":{"line":16,"column":2}},"3":{"start":{"line":19,"column":14},"end":{"line":22,"column":1}},"4":{"start":{"line":20,"column":14},"end":{"line":20,"column":51}},"5":{"start":{"line":21,"column":2},"end":{"line":21,"column":50}},"6":{"start":{"line":25,"column":15},"end":{"line":31,"column":2}},"7":{"start":{"line":33,"column":0},"end":{"line":33,"column":26}},"8":{"start":{"line":36,"column":22},"end":{"line":41,"column":null}},"9":{"start":{"line":40,"column":14},"end":{"line":40,"column":66}},"10":{"start":{"line":45,"column":19},"end":{"line":48,"column":null}},"11":{"start":{"line":52,"column":15},"end":{"line":52,"column":49}},"12":{"start":{"line":55,"column":40},"end":{"line":77,"column":2}},"13":{"start":{"line":80,"column":15},"end":{"line":86,"column":2}},"14":{"start":{"line":89,"column":28},"end":{"line":93,"column":2}},"15":{"start":{"line":91,"column":4},"end":{"line":91,"column":32}}},"fnMap":{"0":{"name":"(anonymous_0)","decl":{"start":{"line":19,"column":14},"end":{"line":19,"column":17}},"loc":{"start":{"line":19,"column":19},"end":{"line":22,"column":1}}},"1":{"name":"(anonymous_1)","decl":{"start":{"line":40,"column":4},"end":{"line":40,"column":5}},"loc":{"start":{"line":40,"column":14},"end":{"line":40,"column":66}}},"2":{"name":"(anonymous_2)","decl":{"start":{"line":90,"column":9},"end":{"line":90,"column":10}},"loc":{"start":{"line":90,"column":29},"end":{"line":92,"column":3}}}},"branchMap":{"0":{"loc":{"start":{"line":20,"column":14},"end":{"line":20,"column":51}},"type":"binary-expr","locations":[{"start":{"line":20,"column":14},"end":{"line":20,"column":34}},{"start":{"line":20,"column":38},"end":{"line":20,"column":51}}]},"1":{"loc":{"start":{"line":21,"column":9},"end":{"line":21,"column":49}},"type":"cond-expr","locations":[{"start":{"line":21,"column":33},"end":{"line":21,"column":40}},{"start":{"line":21,"column":43},"end":{"line":21,"column":49}}]}},"s":{"0":6,"1":6,"2":6,"3":6,"4":6,"5":6,"6":6,"7":6,"8":6,"9":55,"10":6,"11":6,"12":6,"13":6,"14":6,"15":52},"f":{"0":6,"1":55,"2":52},"b":{"0":[6,0],"1":[0,6]}}
}
