TN:
SF:src/app.ts
FN:29,(anonymous_0)
FN:33,(anonymous_1)
FN:60,(anonymous_2)
FN:68,(anonymous_3)
FNF:4
FNH:4
FNDA:3,(anonymous_0)
FNDA:61,(anonymous_1)
FNDA:1,(anonymous_2)
FNDA:15,(anonymous_3)
DA:13,3
DA:14,3
DA:28,3
DA:29,3
DA:32,3
DA:35,61
DA:37,4
DA:38,3
DA:40,1
DA:50,3
DA:51,3
DA:54,3
DA:57,3
DA:60,3
DA:61,1
DA:64,3
DA:66,3
DA:68,3
DA:69,15
DA:85,3
LF:20
LH:20
BRDA:19,0,0,0
BRDA:19,0,1,3
BRDA:28,1,0,3
BRDA:28,1,1,0
BRDA:35,2,0,57
BRDA:35,2,1,4
BRDA:37,3,0,3
BRDA:37,3,1,1
BRF:8
BRH:6
end_of_record
TN:
SF:src/__tests__/setup/mocks.ts
FN:48,(anonymous_0)
FNF:1
FNH:1
FNDA:101,(anonymous_0)
DA:3,6
DA:15,6
DA:21,6
DA:28,6
DA:36,6
DA:48,6
DA:49,101
DA:50,101
DA:51,101
DA:52,101
DA:53,101
DA:54,101
DA:55,101
DA:56,101
DA:57,101
DA:58,101
LF:16
LH:16
BRF:0
BRH:0
end_of_record
TN:
SF:src/__tests__/setup/testHelpers.ts
FN:7,(anonymous_0)
FN:20,(anonymous_1)
FN:33,(anonymous_2)
FN:62,(anonymous_3)
FNF:4
FNH:3
FNDA:68,(anonymous_0)
FNDA:57,(anonymous_1)
FNDA:68,(anonymous_2)
FNDA:0,(anonymous_3)
DA:7,5
DA:8,68
DA:14,68
DA:20,5
DA:21,57
DA:33,68
DA:38,5
DA:50,5
DA:62,5
DA:63,0
LF:10
LH:9
BRDA:20,0,0,57
BRF:1
BRH:1
end_of_record
TN:
SF:src/config/arcjet.config.ts
FNF:0
FNH:0
DA:4,3
DA:5,0
DA:8,3
LF:3
LH:2
BRDA:4,0,0,0
BRDA:4,0,1,3
BRF:2
BRH:1
end_of_record
TN:
SF:src/config/env.config.ts
FNF:0
FNH:0
DA:6,6
DA:11,6
DA:14,6
DA:16,6
DA:20,6
DA:25,6
DA:26,0
DA:27,0
DA:31,6
DA:32,0
DA:36,6
DA:41,0
DA:48,6
DA:50,6
LF:14
LH:10
BRDA:6,0,0,6
BRDA:6,0,1,0
BRDA:14,1,0,6
BRDA:14,1,1,0
BRDA:25,2,0,0
BRDA:25,2,1,6
BRDA:25,3,0,6
BRDA:25,3,1,6
BRDA:31,4,0,0
BRDA:31,4,1,6
BRDA:31,5,0,6
BRDA:31,5,1,0
BRDA:31,6,0,0
BRDA:31,6,1,0
BRDA:32,7,0,0
BRDA:32,7,1,0
BRDA:36,8,0,0
BRDA:36,8,1,6
BRDA:37,9,0,6
BRDA:37,9,1,0
BRDA:37,9,2,0
BRDA:48,10,0,0
BRDA:48,10,1,6
BRF:23
BRH:10
end_of_record
TN:
SF:src/config/redis.config.ts
FN:11,(anonymous_0)
FN:16,(anonymous_1)
FN:30,(anonymous_2)
FN:34,(anonymous_3)
FN:38,(anonymous_4)
FN:42,(anonymous_5)
FN:50,(anonymous_6)
FN:62,(anonymous_7)
FN:70,(anonymous_8)
FNF:9
FNH:1
FNDA:0,(anonymous_0)
FNDA:0,(anonymous_1)
FNDA:0,(anonymous_2)
FNDA:0,(anonymous_3)
FNDA:0,(anonymous_4)
FNDA:0,(anonymous_5)
FNDA:0,(anonymous_6)
FNDA:50,(anonymous_7)
FNDA:0,(anonymous_8)
DA:11,5
DA:12,0
DA:17,0
DA:18,0
DA:19,0
DA:22,0
DA:23,0
DA:24,0
DA:30,0
DA:31,0
DA:34,0
DA:35,0
DA:38,0
DA:39,0
DA:42,0
DA:43,0
DA:46,0
DA:50,5
DA:51,0
DA:52,0
DA:53,0
DA:54,0
DA:56,0
DA:57,0
DA:62,5
DA:63,50
DA:64,50
DA:66,0
DA:70,5
DA:71,0
DA:72,0
DA:73,0
DA:77,5
LF:33
LH:7
BRDA:13,0,0,0
BRDA:13,0,1,0
BRDA:17,1,0,0
BRDA:17,1,1,0
BRDA:63,2,0,50
BRDA:63,2,1,0
BRDA:71,3,0,0
BRDA:71,3,1,0
BRF:8
BRH:1
end_of_record
TN:
SF:src/config/schema/env.schema.ts
FNF:0
FNH:0
DA:3,6
LF:1
LH:1
BRF:0
BRH:0
end_of_record
TN:
SF:src/controllers/chat.controller.ts
FN:48,startChat
FNF:1
FNH:1
FNDA:30,startChat
DA:8,4
DA:53,30
DA:54,30
DA:56,30
DA:57,4
DA:58,4
DA:61,26
DA:62,2
DA:63,2
DA:66,24
DA:67,6
DA:68,6
DA:71,18
DA:72,0
DA:75,18
DA:77,18
DA:78,18
DA:79,0
DA:80,0
DA:81,0
DA:84,18
DA:87,0
DA:101,0
DA:113,0
DA:129,0
DA:144,0
DA:145,0
DA:146,0
DA:148,18
DA:149,18
LF:30
LH:19
BRDA:56,0,0,4
BRDA:56,0,1,26
BRDA:61,1,0,2
BRDA:61,1,1,24
BRDA:66,2,0,6
BRDA:66,2,1,18
BRDA:66,3,0,24
BRDA:66,3,1,22
BRDA:66,3,2,20
BRDA:71,4,0,0
BRDA:71,4,1,18
BRDA:80,5,0,0
BRDA:80,5,1,0
BRDA:101,6,0,0
BRDA:101,6,1,0
BRDA:104,7,0,0
BRDA:104,7,1,0
BRDA:105,8,0,0
BRDA:105,8,1,0
BRDA:106,9,0,0
BRDA:106,9,1,0
BRDA:107,10,0,0
BRDA:107,10,1,0
BRDA:108,11,0,0
BRDA:108,11,1,0
BRDA:109,12,0,0
BRDA:109,12,1,0
BRF:27
BRH:10
end_of_record
TN:
SF:src/controllers/tax.controller.ts
FN:31,isValidNonNegativeNumber
FN:40,calculateNigeriaTax2026
FN:66,generateUniqueID
FN:72,(anonymous_3)
FN:216,(anonymous_4)
FNF:5
FNH:5
FNDA:160,isValidNonNegativeNumber
FNDA:24,calculateNigeriaTax2026
FNDA:24,generateUniqueID
FNDA:34,(anonymous_3)
FNDA:10,(anonymous_4)
DA:32,160
DA:41,24
DA:50,24
DA:51,24
DA:53,24
DA:54,96
DA:55,73
DA:56,73
DA:57,73
DA:60,24
DA:67,24
DA:68,24
DA:69,24
DA:72,4
DA:73,34
DA:81,34
DA:84,34
DA:85,5
DA:86,5
DA:93,29
DA:94,2
DA:95,2
DA:101,27
DA:102,1
DA:103,1
DA:109,26
DA:110,0
DA:111,0
DA:117,26
DA:118,0
DA:119,0
DA:125,26
DA:126,0
DA:127,0
DA:133,26
DA:134,0
DA:135,0
DA:142,26
DA:143,26
DA:149,2
DA:156,24
DA:159,24
DA:160,24
DA:161,24
DA:163,24
DA:164,24
DA:165,10
DA:167,14
DA:170,24
DA:173,24
DA:176,24
DA:179,24
DA:182,24
DA:184,24
DA:194,24
DA:196,24
DA:197,24
DA:198,0
DA:200,24
DA:202,24
DA:210,0
DA:212,0
DA:216,4
DA:217,10
DA:218,10
DA:220,10
DA:221,2
DA:222,2
DA:225,8
DA:226,0
DA:228,0
DA:229,0
DA:230,0
DA:233,0
DA:234,0
DA:236,8
LF:76
LH:59
BRDA:32,0,0,160
BRDA:32,0,1,160
BRDA:32,0,2,160
BRDA:32,0,3,157
BRDA:54,1,0,23
BRDA:54,1,1,73
BRDA:76,2,0,24
BRDA:77,3,0,24
BRDA:78,4,0,24
BRDA:79,5,0,23
BRDA:80,6,0,25
BRDA:84,7,0,5
BRDA:84,7,1,29
BRDA:84,8,0,34
BRDA:84,8,1,31
BRDA:93,9,0,2
BRDA:93,9,1,27
BRDA:101,10,0,1
BRDA:101,10,1,26
BRDA:109,11,0,0
BRDA:109,11,1,26
BRDA:117,12,0,0
BRDA:117,12,1,26
BRDA:125,13,0,0
BRDA:125,13,1,26
BRDA:133,14,0,0
BRDA:133,14,1,26
BRDA:143,15,0,2
BRDA:143,15,1,24
BRDA:143,16,0,26
BRDA:143,16,1,24
BRDA:143,16,2,24
BRDA:143,16,3,24
BRDA:143,16,4,24
BRDA:143,16,5,24
BRDA:164,17,0,10
BRDA:164,17,1,14
BRDA:179,18,0,24
BRDA:179,18,1,0
BRDA:220,19,0,2
BRDA:220,19,1,8
BRDA:220,20,0,10
BRDA:220,20,1,9
BRDA:220,20,2,9
BRDA:228,21,0,0
BRDA:228,21,1,0
BRF:46
BRH:39
end_of_record
TN:
SF:src/middleware/arcject.middleware.ts
FN:12,(anonymous_0)
FNF:1
FNH:1
FNDA:52,(anonymous_0)
DA:12,3
DA:13,52
DA:15,52
DA:16,0
DA:17,0
DA:18,0
DA:19,0
DA:20,0
DA:21,0
DA:22,0
DA:23,0
DA:24,0
DA:25,0
DA:27,0
DA:28,0
DA:29,0
DA:30,0
DA:32,52
DA:37,0
DA:38,0
DA:39,0
DA:40,0
DA:41,52
DA:46,0
DA:47,0
DA:48,0
DA:49,0
DA:50,52
LF:28
LH:6
BRDA:15,0,0,0
BRDA:15,0,1,52
BRDA:16,1,0,0
BRDA:16,1,1,0
BRDA:21,2,0,0
BRDA:21,2,1,0
BRDA:32,3,0,0
BRDA:32,3,1,52
BRDA:41,4,0,0
BRDA:41,4,1,52
BRF:10
BRH:3
end_of_record
TN:
SF:src/middleware/auth.middleware.ts
FN:18,(anonymous_0)
FNF:1
FNH:1
FNDA:11,(anonymous_0)
DA:18,1
DA:23,11
DA:24,11
DA:26,11
DA:27,3
DA:30,8
DA:32,8
DA:33,2
DA:36,6
DA:37,0
DA:41,6
DA:42,0
DA:43,0
DA:46,6
LF:14
LH:11
BRDA:26,0,0,3
BRDA:26,0,1,8
BRDA:26,1,0,11
BRDA:26,1,1,10
BRDA:32,2,0,2
BRDA:32,2,1,6
BRDA:36,3,0,0
BRDA:36,3,1,6
BRF:8
BRH:7
end_of_record
TN:
SF:src/middleware/error.middleware.ts
FN:11,(anonymous_0)
FN:37,(anonymous_1)
FNF:2
FNH:2
FNDA:33,(anonymous_0)
FNDA:2,(anonymous_1)
DA:11,4
DA:18,33
DA:20,33
DA:21,33
DA:24,33
DA:25,2
DA:26,2
DA:29,33
DA:30,2
DA:31,2
DA:34,33
DA:35,1
DA:36,1
DA:37,2
DA:42,33
DA:43,1
DA:44,1
DA:47,33
DA:48,1
DA:49,1
DA:53,33
DA:55,33
LF:22
LH:22
BRDA:20,0,0,33
BRDA:20,0,1,24
BRDA:21,1,0,33
BRDA:21,1,1,1
BRDA:24,2,0,2
BRDA:24,2,1,31
BRDA:29,3,0,2
BRDA:29,3,1,31
BRDA:34,4,0,1
BRDA:34,4,1,32
BRDA:34,5,0,33
BRDA:34,5,1,1
BRDA:42,6,0,1
BRDA:42,6,1,32
BRDA:47,7,0,1
BRDA:47,7,1,32
BRDA:58,8,0,33
BRDA:58,8,1,1
BRF:18
BRH:18
end_of_record
TN:
SF:src/routes/calculate.route.ts
FNF:0
FNH:0
DA:4,3
DA:6,3
DA:7,3
LF:3
LH:3
BRF:0
BRH:0
end_of_record
TN:
SF:src/routes/chat.route.ts
FNF:0
FNH:0
DA:4,3
DA:6,3
LF:2
LH:2
BRF:0
BRH:0
end_of_record
TN:
SF:src/utils/disconnectors.ts
FN:7,(anonymous_0)
FN:12,(anonymous_1)
FN:18,(anonymous_2)
FN:31,(anonymous_3)
FN:37,(anonymous_4)
FN:38,(anonymous_5)
FNF:6
FNH:1
FNDA:5,(anonymous_0)
FNDA:0,(anonymous_1)
FNDA:0,(anonymous_2)
FNDA:0,(anonymous_3)
FNDA:0,(anonymous_4)
FNDA:0,(anonymous_5)
DA:4,5
DA:7,5
DA:8,5
DA:12,5
DA:13,0
DA:15,0
DA:17,0
DA:18,0
DA:20,0
DA:21,0
DA:23,0
DA:24,0
DA:29,5
DA:31,5
DA:32,0
DA:33,0
DA:34,0
DA:37,5
DA:38,5
LF:19
LH:8
BRDA:32,0,0,0
BRDA:32,0,1,0
BRF:2
BRH:0
end_of_record
TN:
SF:src/utils/logger.ts
FN:19,(anonymous_0)
FN:40,(anonymous_1)
FN:90,(anonymous_2)
FNF:3
FNH:3
FNDA:6,(anonymous_0)
FNDA:55,(anonymous_1)
FNDA:52,(anonymous_2)
DA:6,6
DA:7,6
DA:10,6
DA:19,6
DA:20,6
DA:21,6
DA:25,6
DA:33,6
DA:36,6
DA:40,55
DA:45,6
DA:52,6
DA:55,6
DA:80,6
DA:89,6
DA:91,52
LF:16
LH:16
BRDA:20,0,0,6
BRDA:20,0,1,0
BRDA:21,1,0,0
BRDA:21,1,1,6
BRF:4
BRH:2
end_of_record
